   profit country  avg_rent
0  979200      IT    2325.0
1  787200      FR    2400.0
2  595200      DE    2100.0
3  499200      GB    2250.0
   month         rev      rent country
0      9  46425600.0  16128000      DE
1      9  35424000.0  18432000      FR
2      9  26457600.0  17280000      GB
3      9  45043200.0  17856000      IT
          roi country
0  41042880.0      DE
1  39084288.0      IT
2  29272704.0      FR
3  20690496.0      GB
     city  corr_temp  corr_humidity  corr_wind
0  London        1.0           -1.0       -1.0
1    Rome        1.0            1.0       -1.0
2  Berlin        1.0           -1.0       -1.0
3   Paris        NaN            NaN        NaN
          day country  rolling_profit
0  2025-09-05      DE        556105.5
1  2025-09-06      DE       1265113.5
2  2025-09-04      FR        274431.6
3  2025-09-04      GB         87446.7
4  2025-09-05      GB        407026.8
    profit country  avg_rent
0  1101600      IT    2325.0
1   885600      FR    2400.0
2   669600      DE    2100.0
3   561600      GB    2250.0
   month         rev      rent country
0      9  52228800.0  18144000      DE
1      9  39852000.0  20736000      FR
2      9  29764800.0  19440000      GB
3      9  50673600.0  20088000      IT
          roi country
0  46173240.0      DE
1  43969824.0      IT
2  32931792.0      FR
3  23276808.0      GB
     city  corr_temp  corr_humidity  corr_wind
0  London        1.0           -1.0       -1.0
1    Rome        1.0            1.0       -1.0
2  Berlin        1.0           -1.0       -1.0
3   Paris        NaN            NaN        NaN
          day country  rolling_profit
0  2025-09-05      DE       587000.25
1  2025-09-06      DE      1384634.25
2  2025-09-04      FR       274431.60
3  2025-09-04      GB        87446.70
4  2025-09-05      GB       424781.25
    profit country  avg_rent
0  1224000      IT    2325.0
1   984000      FR    2400.0
2   744000      DE    2100.0
3   624000      GB    2250.0
   month         rev      rent country
0      9  58032000.0  20160000      DE
1      9  44280000.0  23040000      FR
2      9  33072000.0  21600000      GB
3      9  56304000.0  22320000      IT
          roi country
0  51303600.0      DE
1  48855360.0      IT
2  36590880.0      FR
3  25863120.0      GB
     city  corr_temp  corr_humidity  corr_wind
0  London        1.0           -1.0       -1.0
1    Rome        1.0            1.0       -1.0
2  Berlin        1.0           -1.0       -1.0
3   Paris        NaN            NaN        NaN
          day country  rolling_profit
0  2025-09-05      DE       587000.25
1  2025-09-06      DE      1384634.25
2  2025-09-04      FR       274431.60
3  2025-09-04      GB        87446.70
4  2025-09-05      GB       424781.25
    profit country  avg_rent
0  1346400      IT    2325.0
1  1082400      FR    2400.0
2   818400      DE    2100.0
3   686400      GB    2250.0
   month         rev      rent country
0      9  63835200.0  22176000      DE
1      9  48708000.0  25344000      FR
2      9  36379200.0  23760000      GB
3      9  61934400.0  24552000      IT
          roi country
0  56433960.0      DE
1  53740896.0      IT
2  40249968.0      FR
3  28449432.0      GB
     city  corr_temp  corr_humidity  corr_wind
0  London        1.0           -1.0       -1.0
1    Rome        1.0            1.0       -1.0
2  Berlin        1.0           -1.0       -1.0
3   Paris        NaN            NaN        NaN
          day country  rolling_profit
0  2025-09-05      DE       587000.25
1  2025-09-06      DE      1384634.25
2  2025-09-04      FR       274431.60
3  2025-09-04      GB        87446.70
4  2025-09-05      GB       424781.25
